<?xml version="1.0" encoding="UTF-8"?>
<!-- Generated by org.testng.reporters.JUnitXMLReporter -->
<testsuite ignored="0" hostname="Ishant" failures="3" tests="10" name="Test on Firefox" time="335.506" errors="0" timestamp="2024-06-20T19:57:29 IST">
  <testcase classname="amazon.ten.scenarios.TC1" name="selectShoe" time="6.513"/>
  <testcase classname="amazon.ten.scenarios.TC2" name="searchMobile" time="5.768"/>
  <testcase classname="amazon.ten.scenarios.TC3" name="searchMouse" time="8.686"/>
  <testcase classname="amazon.ten.scenarios.TC4" name="searchMobileCover" time="18.508"/>
  <testcase classname="amazon.ten.scenarios.TC5" name="selectCamera" time="6.645">
    <failure type="org.openqa.selenium.ElementNotInteractableException" message="Element &amp;lt;a class=&amp;quot;a-link-normal s-underline-text s-underline-link-text s-link-style a-text-normal&amp;quot; href=&amp;quot;/BLACKPOOL-Camera-Accessories-Underwater-Motovlogging/dp/B0CZNDDVRQ/ref=sr_1_34?dib=eyJ2IjoiMSJ9.QTCp6uj0kMjBbWcJifEkq2Z36SaxmFpj6YuyBML-oygYBkUwyLxdQr714WnoUZ9KHs8eFjd9tdB-icykf651XdIr7vbCoc3oBcEmy0zBh9ME3pwP5hbxx6Zw0VxHjkdig6G91hseiTZ0b9_D4M2Xzhz3s7uWI8438fHTcUpNDBvwilKlMLY5SqhnEQS0Qv-zvQhEwf9FPNgFDX2HbUKAzNmNsXr7E6_wdCYlJ_tKMWc.WjKDB9eDTH7_lux9spdzoKBPVkZoTOdvQWPV1mNMliQ&amp;amp;dib_tag=se&amp;amp;keywords=camera&amp;amp;qid=1718893515&amp;amp;sr=8-34&amp;quot;&amp;gt; could not be scrolled into view
Build info: version: &amp;apos;4.21.0&amp;apos;, revision: &amp;apos;79ed462ef4&amp;apos;
System info: os.name: &amp;apos;Windows 11&amp;apos;, os.arch: &amp;apos;amd64&amp;apos;, os.version: &amp;apos;10.0&amp;apos;, java.version: &amp;apos;17.0.11&amp;apos;
Driver info: org.openqa.selenium.firefox.FirefoxDriver
Command: [de076c0b-8940-4c0b-84d2-e00c5f355afa, clickElement {id=01a5c0d1-0fcc-4805-9bb6-024d3a5c53f1}]
Capabilities {acceptInsecureCerts: true, browserName: firefox, browserVersion: 127.0, moz:accessibilityChecks: false, moz:buildID: 20240606181944, moz:debuggerAddress: 127.0.0.1:16328, moz:geckodriverVersion: 0.34.0, moz:headless: false, moz:platformVersion: 10.0, moz:processID: 34364, moz:profile: C:\Users\ishan\AppData\Loca..., moz:shutdownTimeout: 60000, moz:webdriverClick: true, moz:windowless: false, pageLoadStrategy: normal, platformName: windows, proxy: Proxy(), se:cdp: ws://127.0.0.1:16328/devtoo..., se:cdpVersion: 85.0, setWindowRect: true, strictFileInteractability: false, timeouts: {implicit: 0, pageLoad: 300000, script: 30000}, unhandledPromptBehavior: dismiss and notify, userAgent: Mozilla/5.0 (Windows NT 10....}
Element: [[FirefoxDriver: firefox on windows (de076c0b-8940-4c0b-84d2-e00c5f355afa)] -&amp;gt; partial link text: BLACKPOOL 4K Action Camera with Accessories Kit | WiFi | 16 MP | 170 Degree Wide]
Session ID: de076c0b-8940-4c0b-84d2-e00c5f355afa">
      <![CDATA[org.openqa.selenium.ElementNotInteractableException: Element <a class="a-link-normal s-underline-text s-underline-link-text s-link-style a-text-normal" href="/BLACKPOOL-Camera-Accessories-Underwater-Motovlogging/dp/B0CZNDDVRQ/ref=sr_1_34?dib=eyJ2IjoiMSJ9.QTCp6uj0kMjBbWcJifEkq2Z36SaxmFpj6YuyBML-oygYBkUwyLxdQr714WnoUZ9KHs8eFjd9tdB-icykf651XdIr7vbCoc3oBcEmy0zBh9ME3pwP5hbxx6Zw0VxHjkdig6G91hseiTZ0b9_D4M2Xzhz3s7uWI8438fHTcUpNDBvwilKlMLY5SqhnEQS0Qv-zvQhEwf9FPNgFDX2HbUKAzNmNsXr7E6_wdCYlJ_tKMWc.WjKDB9eDTH7_lux9spdzoKBPVkZoTOdvQWPV1mNMliQ&dib_tag=se&keywords=camera&qid=1718893515&sr=8-34"> could not be scrolled into view
Build info: version: '4.21.0', revision: '79ed462ef4'
System info: os.name: 'Windows 11', os.arch: 'amd64', os.version: '10.0', java.version: '17.0.11'
Driver info: org.openqa.selenium.firefox.FirefoxDriver
Command: [de076c0b-8940-4c0b-84d2-e00c5f355afa, clickElement {id=01a5c0d1-0fcc-4805-9bb6-024d3a5c53f1}]
Capabilities {acceptInsecureCerts: true, browserName: firefox, browserVersion: 127.0, moz:accessibilityChecks: false, moz:buildID: 20240606181944, moz:debuggerAddress: 127.0.0.1:16328, moz:geckodriverVersion: 0.34.0, moz:headless: false, moz:platformVersion: 10.0, moz:processID: 34364, moz:profile: C:\Users\ishan\AppData\Loca..., moz:shutdownTimeout: 60000, moz:webdriverClick: true, moz:windowless: false, pageLoadStrategy: normal, platformName: windows, proxy: Proxy(), se:cdp: ws://127.0.0.1:16328/devtoo..., se:cdpVersion: 85.0, setWindowRect: true, strictFileInteractability: false, timeouts: {implicit: 0, pageLoad: 300000, script: 30000}, unhandledPromptBehavior: dismiss and notify, userAgent: Mozilla/5.0 (Windows NT 10....}
Element: [[FirefoxDriver: firefox on windows (de076c0b-8940-4c0b-84d2-e00c5f355afa)] -> partial link text: BLACKPOOL 4K Action Camera with Accessories Kit | WiFi | 16 MP | 170 Degree Wide]
Session ID: de076c0b-8940-4c0b-84d2-e00c5f355afa
at org.openqa.selenium.remote.ErrorCodec.decode(ErrorCodec.java:167)
at org.openqa.selenium.remote.codec.w3c.W3CHttpResponseCodec.decode(W3CHttpResponseCodec.java:138)
at org.openqa.selenium.remote.codec.w3c.W3CHttpResponseCodec.decode(W3CHttpResponseCodec.java:50)
at org.openqa.selenium.remote.HttpCommandExecutor.execute(HttpCommandExecutor.java:190)
at org.openqa.selenium.remote.service.DriverCommandExecutor.invokeExecute(DriverCommandExecutor.java:216)
at org.openqa.selenium.remote.service.DriverCommandExecutor.execute(DriverCommandExecutor.java:174)
at org.openqa.selenium.remote.RemoteWebDriver.execute(RemoteWebDriver.java:518)
at org.openqa.selenium.remote.RemoteWebElement.execute(RemoteWebElement.java:223)
at org.openqa.selenium.remote.RemoteWebElement.click(RemoteWebElement.java:76)
at amazon.ten.scenarios.TC5.selectCamera(TC5.java:24)
at java.base/java.util.ArrayList.forEach(ArrayList.java:1511)
at java.base/java.util.concurrent.FutureTask.run(FutureTask.java:264)
at java.base/java.util.concurrent.ThreadPoolExecutor.runWorker(ThreadPoolExecutor.java:1136)
at java.base/java.util.concurrent.ThreadPoolExecutor$Worker.run(ThreadPoolExecutor.java:635)
at java.base/java.lang.Thread.run(Thread.java:840)
... Removed 23 stack frames]]>
    </failure>
  </testcase> <!-- selectCamera -->
  <testcase classname="amazon.ten.scenarios.TC6" name="selectRedmi" time="12.514"/>
  <testcase classname="amazon.ten.scenarios.TC7" name="searchMango" time="0.957">
    <failure type="org.openqa.selenium.ElementNotInteractableException" message="Element &amp;lt;option&amp;gt; could not be scrolled into view
Build info: version: &amp;apos;4.21.0&amp;apos;, revision: &amp;apos;79ed462ef4&amp;apos;
System info: os.name: &amp;apos;Windows 11&amp;apos;, os.arch: &amp;apos;amd64&amp;apos;, os.version: &amp;apos;10.0&amp;apos;, java.version: &amp;apos;17.0.11&amp;apos;
Driver info: org.openqa.selenium.firefox.FirefoxDriver
Command: [13f5a528-36a4-40c9-95e7-e2bd3632b903, clickElement {id=5fcc4e48-a2e8-4def-a1b5-4657323e9285}]
Capabilities {acceptInsecureCerts: true, browserName: firefox, browserVersion: 127.0, moz:accessibilityChecks: false, moz:buildID: 20240606181944, moz:debuggerAddress: 127.0.0.1:48918, moz:geckodriverVersion: 0.34.0, moz:headless: false, moz:platformVersion: 10.0, moz:processID: 3076, moz:profile: C:\Users\ishan\AppData\Loca..., moz:shutdownTimeout: 60000, moz:webdriverClick: true, moz:windowless: false, pageLoadStrategy: normal, platformName: windows, proxy: Proxy(), se:cdp: ws://127.0.0.1:48918/devtoo..., se:cdpVersion: 85.0, setWindowRect: true, strictFileInteractability: false, timeouts: {implicit: 0, pageLoad: 300000, script: 30000}, unhandledPromptBehavior: dismiss and notify, userAgent: Mozilla/5.0 (Windows NT 10....}
Element: [[[[FirefoxDriver: firefox on windows (13f5a528-36a4-40c9-95e7-e2bd3632b903)] -&amp;gt; id: searchDropdownBox]] -&amp;gt; xpath: .//option[@value = &amp;quot;search-alias=nowstore&amp;quot;]]
Session ID: 13f5a528-36a4-40c9-95e7-e2bd3632b903">
      <![CDATA[org.openqa.selenium.ElementNotInteractableException: Element <option> could not be scrolled into view
Build info: version: '4.21.0', revision: '79ed462ef4'
System info: os.name: 'Windows 11', os.arch: 'amd64', os.version: '10.0', java.version: '17.0.11'
Driver info: org.openqa.selenium.firefox.FirefoxDriver
Command: [13f5a528-36a4-40c9-95e7-e2bd3632b903, clickElement {id=5fcc4e48-a2e8-4def-a1b5-4657323e9285}]
Capabilities {acceptInsecureCerts: true, browserName: firefox, browserVersion: 127.0, moz:accessibilityChecks: false, moz:buildID: 20240606181944, moz:debuggerAddress: 127.0.0.1:48918, moz:geckodriverVersion: 0.34.0, moz:headless: false, moz:platformVersion: 10.0, moz:processID: 3076, moz:profile: C:\Users\ishan\AppData\Loca..., moz:shutdownTimeout: 60000, moz:webdriverClick: true, moz:windowless: false, pageLoadStrategy: normal, platformName: windows, proxy: Proxy(), se:cdp: ws://127.0.0.1:48918/devtoo..., se:cdpVersion: 85.0, setWindowRect: true, strictFileInteractability: false, timeouts: {implicit: 0, pageLoad: 300000, script: 30000}, unhandledPromptBehavior: dismiss and notify, userAgent: Mozilla/5.0 (Windows NT 10....}
Element: [[[[FirefoxDriver: firefox on windows (13f5a528-36a4-40c9-95e7-e2bd3632b903)] -> id: searchDropdownBox]] -> xpath: .//option[@value = "search-alias=nowstore"]]
Session ID: 13f5a528-36a4-40c9-95e7-e2bd3632b903
at org.openqa.selenium.remote.ErrorCodec.decode(ErrorCodec.java:167)
at org.openqa.selenium.remote.codec.w3c.W3CHttpResponseCodec.decode(W3CHttpResponseCodec.java:138)
at org.openqa.selenium.remote.codec.w3c.W3CHttpResponseCodec.decode(W3CHttpResponseCodec.java:50)
at org.openqa.selenium.remote.HttpCommandExecutor.execute(HttpCommandExecutor.java:190)
at org.openqa.selenium.remote.service.DriverCommandExecutor.invokeExecute(DriverCommandExecutor.java:216)
at org.openqa.selenium.remote.service.DriverCommandExecutor.execute(DriverCommandExecutor.java:174)
at org.openqa.selenium.remote.RemoteWebDriver.execute(RemoteWebDriver.java:518)
at org.openqa.selenium.remote.RemoteWebElement.execute(RemoteWebElement.java:223)
at org.openqa.selenium.remote.RemoteWebElement.click(RemoteWebElement.java:76)
at org.openqa.selenium.support.ui.Select.setSelected(Select.java:315)
at org.openqa.selenium.support.ui.Select.selectByValue(Select.java:195)
at amazon.ten.scenarios.TC7.searchMango(TC7.java:19)
at java.base/java.util.ArrayList.forEach(ArrayList.java:1511)
at java.base/java.util.concurrent.FutureTask.run(FutureTask.java:264)
at java.base/java.util.concurrent.ThreadPoolExecutor.runWorker(ThreadPoolExecutor.java:1136)
at java.base/java.util.concurrent.ThreadPoolExecutor$Worker.run(ThreadPoolExecutor.java:635)
at java.base/java.lang.Thread.run(Thread.java:840)
... Removed 23 stack frames]]>
    </failure>
  </testcase> <!-- searchMango -->
  <testcase classname="amazon.ten.scenarios.TC8" name="searchBook" time="0.599">
    <failure type="org.openqa.selenium.ElementNotInteractableException" message="Element &amp;lt;option&amp;gt; could not be scrolled into view
Build info: version: &amp;apos;4.21.0&amp;apos;, revision: &amp;apos;79ed462ef4&amp;apos;
System info: os.name: &amp;apos;Windows 11&amp;apos;, os.arch: &amp;apos;amd64&amp;apos;, os.version: &amp;apos;10.0&amp;apos;, java.version: &amp;apos;17.0.11&amp;apos;
Driver info: org.openqa.selenium.firefox.FirefoxDriver
Command: [0f72e8a9-30ae-432d-a368-43c7416fe566, clickElement {id=fed3923d-91c9-4de5-b64d-dd1c9a23061e}]
Capabilities {acceptInsecureCerts: true, browserName: firefox, browserVersion: 127.0, moz:accessibilityChecks: false, moz:buildID: 20240606181944, moz:debuggerAddress: 127.0.0.1:40697, moz:geckodriverVersion: 0.34.0, moz:headless: false, moz:platformVersion: 10.0, moz:processID: 40672, moz:profile: C:\Users\ishan\AppData\Loca..., moz:shutdownTimeout: 60000, moz:webdriverClick: true, moz:windowless: false, pageLoadStrategy: normal, platformName: windows, proxy: Proxy(), se:cdp: ws://127.0.0.1:40697/devtoo..., se:cdpVersion: 85.0, setWindowRect: true, strictFileInteractability: false, timeouts: {implicit: 0, pageLoad: 300000, script: 30000}, unhandledPromptBehavior: dismiss and notify, userAgent: Mozilla/5.0 (Windows NT 10....}
Element: [[[[FirefoxDriver: firefox on windows (0f72e8a9-30ae-432d-a368-43c7416fe566)] -&amp;gt; id: searchDropdownBox]] -&amp;gt; xpath: .//option[@value = &amp;quot;search-alias=stripbooks&amp;quot;]]
Session ID: 0f72e8a9-30ae-432d-a368-43c7416fe566">
      <![CDATA[org.openqa.selenium.ElementNotInteractableException: Element <option> could not be scrolled into view
Build info: version: '4.21.0', revision: '79ed462ef4'
System info: os.name: 'Windows 11', os.arch: 'amd64', os.version: '10.0', java.version: '17.0.11'
Driver info: org.openqa.selenium.firefox.FirefoxDriver
Command: [0f72e8a9-30ae-432d-a368-43c7416fe566, clickElement {id=fed3923d-91c9-4de5-b64d-dd1c9a23061e}]
Capabilities {acceptInsecureCerts: true, browserName: firefox, browserVersion: 127.0, moz:accessibilityChecks: false, moz:buildID: 20240606181944, moz:debuggerAddress: 127.0.0.1:40697, moz:geckodriverVersion: 0.34.0, moz:headless: false, moz:platformVersion: 10.0, moz:processID: 40672, moz:profile: C:\Users\ishan\AppData\Loca..., moz:shutdownTimeout: 60000, moz:webdriverClick: true, moz:windowless: false, pageLoadStrategy: normal, platformName: windows, proxy: Proxy(), se:cdp: ws://127.0.0.1:40697/devtoo..., se:cdpVersion: 85.0, setWindowRect: true, strictFileInteractability: false, timeouts: {implicit: 0, pageLoad: 300000, script: 30000}, unhandledPromptBehavior: dismiss and notify, userAgent: Mozilla/5.0 (Windows NT 10....}
Element: [[[[FirefoxDriver: firefox on windows (0f72e8a9-30ae-432d-a368-43c7416fe566)] -> id: searchDropdownBox]] -> xpath: .//option[@value = "search-alias=stripbooks"]]
Session ID: 0f72e8a9-30ae-432d-a368-43c7416fe566
at org.openqa.selenium.remote.ErrorCodec.decode(ErrorCodec.java:167)
at org.openqa.selenium.remote.codec.w3c.W3CHttpResponseCodec.decode(W3CHttpResponseCodec.java:138)
at org.openqa.selenium.remote.codec.w3c.W3CHttpResponseCodec.decode(W3CHttpResponseCodec.java:50)
at org.openqa.selenium.remote.HttpCommandExecutor.execute(HttpCommandExecutor.java:190)
at org.openqa.selenium.remote.service.DriverCommandExecutor.invokeExecute(DriverCommandExecutor.java:216)
at org.openqa.selenium.remote.service.DriverCommandExecutor.execute(DriverCommandExecutor.java:174)
at org.openqa.selenium.remote.RemoteWebDriver.execute(RemoteWebDriver.java:518)
at org.openqa.selenium.remote.RemoteWebElement.execute(RemoteWebElement.java:223)
at org.openqa.selenium.remote.RemoteWebElement.click(RemoteWebElement.java:76)
at org.openqa.selenium.support.ui.Select.setSelected(Select.java:315)
at org.openqa.selenium.support.ui.Select.selectByValue(Select.java:195)
at amazon.ten.scenarios.TC8.searchBook(TC8.java:19)
at java.base/java.util.ArrayList.forEach(ArrayList.java:1511)
at java.base/java.util.concurrent.FutureTask.run(FutureTask.java:264)
at java.base/java.util.concurrent.ThreadPoolExecutor.runWorker(ThreadPoolExecutor.java:1136)
at java.base/java.util.concurrent.ThreadPoolExecutor$Worker.run(ThreadPoolExecutor.java:635)
at java.base/java.lang.Thread.run(Thread.java:840)
... Removed 23 stack frames]]>
    </failure>
  </testcase> <!-- searchBook -->
  <testcase classname="amazon.ten.scenarios.TC9" name="deals" time="8.431"/>
  <testcase classname="amazon.ten.scenarios.TC10" name="searchShoe" time="1.633"/>
</testsuite> <!-- Test on Firefox -->
